Using pre-set license
Built from '2020.3/staging' branch; Version is '2020.3.21f1 (a38c86f6690f) revision 10718342'; Using compiler version '192528614'; Build Type 'Release'
OS: 'Windows 10 Pro; OS build 16299.1087; Version 1709; 64bit' Language: 'ru' Physical Memory: 16308 MB
BatchMode: 1, IsHumanControllingUs: 0, StartBugReporterOnCrash: 0, Is64bit: 1, IsPro: 0

COMMAND LINE ARGUMENTS:
C:\Program Files\Unity 2020.3.21f1\Editor\Unity.exe
-adb2
-batchMode
-noUpm
-name
AssetImportWorker0
-projectPath
C:/Users/illad/Unity/Unity-NTI/Task 1.11 (Helix Jump clone)
-logFile
Logs/AssetImportWorker0.log
-srvPort
55373
Successfully changed project path to: C:/Users/illad/Unity/Unity-NTI/Task 1.11 (Helix Jump clone)
C:/Users/illad/Unity/Unity-NTI/Task 1.11 (Helix Jump clone)
Using Asset Import Pipeline V2.
Refreshing native plugins compatible for Editor in 52.05 ms, found 2 plugins.
Preloading 0 native plugins for Editor in 0.00 ms.
Initialize engine version: 2020.3.21f1 (a38c86f6690f)
[Subsystems] Discovering subsystems at path C:/Program Files/Unity 2020.3.21f1/Editor/Data/Resources/UnitySubsystems
[Subsystems] Discovering subsystems at path C:/Users/illad/Unity/Unity-NTI/Task 1.11 (Helix Jump clone)/Assets
GfxDevice: creating device client; threaded=0
Direct3D:
    Version:  Direct3D 11.0 [level 11.1]
    Renderer: NVIDIA GeForce GTX 1080 (ID=0x1b80)
    Vendor:   
    VRAM:     8079 MB
    Driver:   30.0.14.7212
Initialize mono
Mono path[0] = 'C:/Program Files/Unity 2020.3.21f1/Editor/Data/Managed'
Mono path[1] = 'C:/Program Files/Unity 2020.3.21f1/Editor/Data/MonoBleedingEdge/lib/mono/unityjit'
Mono config path = 'C:/Program Files/Unity 2020.3.21f1/Editor/Data/MonoBleedingEdge/etc'
Using monoOptions --debugger-agent=transport=dt_socket,embedding=1,server=y,suspend=n,address=127.0.0.1:56212
Begin MonoManager ReloadAssembly
Registering precompiled unity dll's ...
Register platform support module: C:/Program Files/Unity 2020.3.21f1/Editor/Data/PlaybackEngines/WindowsStandaloneSupport/UnityEditor.WindowsStandalone.Extensions.dll
Registered in 0.001057 seconds.
Native extension for WindowsStandalone target not found
Refreshing native plugins compatible for Editor in 48.36 ms, found 2 plugins.
Preloading 0 native plugins for Editor in 0.00 ms.
Mono: successfully reloaded assembly
- Completed reload, in  0.767 seconds
Domain Reload Profiling:
	ReloadAssembly (767ms)
		BeginReloadAssembly (46ms)
			ExecutionOrderSort (0ms)
			DisableScriptedObjects (0ms)
			BackupInstance (0ms)
			ReleaseScriptingObjects (0ms)
			CreateAndSetChildDomain (1ms)
		EndReloadAssembly (370ms)
			LoadAssemblies (45ms)
			RebuildTransferFunctionScriptingTraits (0ms)
			SetupTypeCache (121ms)
			ReleaseScriptCaches (0ms)
			RebuildScriptCaches (24ms)
			SetupLoadedEditorAssemblies (149ms)
				LogAssemblyErrors (0ms)
				InitializePlatformSupportModulesInManaged (3ms)
				SetLoadedEditorAssemblies (0ms)
				RefreshPlugins (48ms)
				BeforeProcessingInitializeOnLoad (10ms)
				ProcessInitializeOnLoadAttributes (64ms)
				ProcessInitializeOnLoadMethodAttributes (23ms)
				AfterProcessingInitializeOnLoad (0ms)
				EditorAssembliesLoaded (0ms)
			ExecutionOrderSort2 (0ms)
			AwakeInstancesAfterBackupRestoration (0ms)
Platform modules already initialized, skipping
Registering precompiled user dll's ...
Registered in 0.003485 seconds.
Begin MonoManager ReloadAssembly
Native extension for WindowsStandalone target not found
Refreshing native plugins compatible for Editor in 51.27 ms, found 2 plugins.
Preloading 0 native plugins for Editor in 0.00 ms.
Mono: successfully reloaded assembly
- Completed reload, in  0.954 seconds
Domain Reload Profiling:
	ReloadAssembly (954ms)
		BeginReloadAssembly (111ms)
			ExecutionOrderSort (0ms)
			DisableScriptedObjects (4ms)
			BackupInstance (0ms)
			ReleaseScriptingObjects (0ms)
			CreateAndSetChildDomain (14ms)
		EndReloadAssembly (796ms)
			LoadAssemblies (70ms)
			RebuildTransferFunctionScriptingTraits (0ms)
			SetupTypeCache (263ms)
			ReleaseScriptCaches (1ms)
			RebuildScriptCaches (42ms)
			SetupLoadedEditorAssemblies (315ms)
				LogAssemblyErrors (0ms)
				InitializePlatformSupportModulesInManaged (3ms)
				SetLoadedEditorAssemblies (0ms)
				RefreshPlugins (51ms)
				BeforeProcessingInitializeOnLoad (74ms)
				ProcessInitializeOnLoadAttributes (175ms)
				ProcessInitializeOnLoadMethodAttributes (7ms)
				AfterProcessingInitializeOnLoad (4ms)
				EditorAssembliesLoaded (0ms)
			ExecutionOrderSort2 (0ms)
			AwakeInstancesAfterBackupRestoration (6ms)
Platform modules already initialized, skipping
========================================================================
Worker process is ready to serve import requests
Launched and connected shader compiler UnityShaderCompiler.exe after 0.06 seconds
Refreshing native plugins compatible for Editor in 0.63 ms, found 2 plugins.
Preloading 0 native plugins for Editor in 0.00 ms.
Unloading 3179 Unused Serialized files (Serialized files now loaded: 0)
System memory in use before: 146.7 MB.
System memory in use after: 146.9 MB.

Unloading 21 unused Assets to reduce memory usage. Loaded Objects now: 3616.
Total: 3.119772 ms (FindLiveObjects: 0.303521 ms CreateObjectMapping: 0.149461 ms MarkObjects: 2.574815 ms  DeleteObjects: 0.090954 ms)

AssetImportParameters requested are different than current active one (requested -> active):
  custom:framework-win-MediaFoundation: 216162199b28c13a410421893ffa2e32 -> 
  custom:video-decoder-ogg-theora: a1e56fd34408186e4bbccfd4996cb3dc -> 
  custom:container-muxer-webm: aa71ff27fc2769a1b78a27578f13a17b -> 
  custom:container-demuxer-webm: 4f35f7cbe854078d1ac9338744f61a02 -> 
  custom:container-demuxer-ogg: 62fdf1f143b41e24485cea50d1cbac27 -> 
  custom:video-encoder-webm-vp8: eb34c28f22e8b96e1ab97ce403110664 -> 
  custom:video-decoder-webm-vp8: 9c59270c3fd7afecdb556c50c9e8de78 -> 
  custom:audio-decoder-ogg-vorbis: bf7c407c2cedff20999df2af8eb42d56 -> 
  custom:audio-encoder-webm-vorbis: bf7c407c2cedff20999df2af8eb42d56 -> 
========================================================================
Received Import Request.
  path: Assets/Shaders/Dissolving.shadergraph
  artifactKey: Guid(a82aa44a6d132924393f5235faba950c) Importer(815301076,1909f56bfc062723c751e8b465ee728b)
Start importing Assets/Shaders/Dissolving.shadergraph using Guid(a82aa44a6d132924393f5235faba950c) Importer(815301076,1909f56bfc062723c751e8b465ee728b)  -> (artifact id: '2d745ead6d0ffb15973aa3ae97fad9fd') in 0.030038 seconds 
  Import took 0.034656 seconds .

========================================================================
Received Import Request.
  Time since last request: 78.557253 seconds.
  path: Assets/Shaders/New Shader Graph.shadergraph
  artifactKey: Guid(05676a84245b47447aadc181015eb263) Importer(815301076,1909f56bfc062723c751e8b465ee728b)
Start importing Assets/Shaders/New Shader Graph.shadergraph using Guid(05676a84245b47447aadc181015eb263) Importer(815301076,1909f56bfc062723c751e8b465ee728b)  -> (artifact id: '66bfa352ba4c85c59135350730a69c0e') in 0.006864 seconds 
  Import took 0.012117 seconds .

========================================================================
Received Import Request.
  Time since last request: 65.189240 seconds.
  path: Assets/Shaders/Dissolving.shadergraph
  artifactKey: Guid(a82aa44a6d132924393f5235faba950c) Importer(815301076,1909f56bfc062723c751e8b465ee728b)
Start importing Assets/Shaders/Dissolving.shadergraph using Guid(a82aa44a6d132924393f5235faba950c) Importer(815301076,1909f56bfc062723c751e8b465ee728b)  -> (artifact id: '8aa7c44fa015e8c924ea54ab81e46884') in 0.003411 seconds 
  Import took 0.008784 seconds .

========================================================================
Received Import Request.
  Time since last request: 550.156117 seconds.
  path: Assets/Shaders/Dissolving.shadergraph
  artifactKey: Guid(a82aa44a6d132924393f5235faba950c) Importer(815301076,1909f56bfc062723c751e8b465ee728b)
Start importing Assets/Shaders/Dissolving.shadergraph using Guid(a82aa44a6d132924393f5235faba950c) Importer(815301076,1909f56bfc062723c751e8b465ee728b)  -> (artifact id: 'a7fcbd6ba998448bafdadb55dfdf1147') in 0.004142 seconds 
  Import took 0.009878 seconds .

========================================================================
Received Import Request.
  Time since last request: 16.641474 seconds.
  path: Assets/Shaders/Dissolving Sphere.mat
  artifactKey: Guid(26d09036d0f55c64cb0b094b67e6f7b3) Importer(815301076,1909f56bfc062723c751e8b465ee728b)
Start importing Assets/Shaders/Dissolving Sphere.mat using Guid(26d09036d0f55c64cb0b094b67e6f7b3) Importer(815301076,1909f56bfc062723c751e8b465ee728b)  -> (artifact id: 'e3518171fdd0a79fd7e27003acc1c683') in 0.151614 seconds 
  Import took 0.156504 seconds .

========================================================================
Received Import Request.
  Time since last request: 980.970789 seconds.
  path: Assets/Shaders/Dissolving.shadergraph
  artifactKey: Guid(a82aa44a6d132924393f5235faba950c) Importer(815301076,1909f56bfc062723c751e8b465ee728b)
Start importing Assets/Shaders/Dissolving.shadergraph using Guid(a82aa44a6d132924393f5235faba950c) Importer(815301076,1909f56bfc062723c751e8b465ee728b)  -> (artifact id: 'fe7141a68c569e06cf353d690f3a4474') in 0.004167 seconds 
  Import took 0.009660 seconds .

========================================================================
Received Import Request.
  Time since last request: 31.237934 seconds.
  path: Assets/Shaders/Dissolving.mat
  artifactKey: Guid(424c2b0cbad000944a4c9745abf0f94d) Importer(815301076,1909f56bfc062723c751e8b465ee728b)
Start importing Assets/Shaders/Dissolving.mat using Guid(424c2b0cbad000944a4c9745abf0f94d) Importer(815301076,1909f56bfc062723c751e8b465ee728b)  -> (artifact id: '6975c11ca3da9a518dbb097ed44ea4fe') in 0.026946 seconds 
  Import took 0.032501 seconds .

========================================================================
Received Import Request.
  Time since last request: 7.368730 seconds.
  path: Assets/Shaders/Dissolving Sphere.mat
  artifactKey: Guid(424c2b0cbad000944a4c9745abf0f94d) Importer(815301076,1909f56bfc062723c751e8b465ee728b)
Start importing Assets/Shaders/Dissolving Sphere.mat using Guid(424c2b0cbad000944a4c9745abf0f94d) Importer(815301076,1909f56bfc062723c751e8b465ee728b)  -> (artifact id: '5c7a9309626040457383556c869304d7') in 0.017711 seconds 
  Import took 0.022689 seconds .

========================================================================
Received Import Request.
  Time since last request: 1128.651758 seconds.
  path: Assets/Shaders/New Shader Sub Graph.shadersubgraph
  artifactKey: Guid(9f84df2f6ed56844697d96b60b4d27bb) Importer(815301076,1909f56bfc062723c751e8b465ee728b)
Start importing Assets/Shaders/New Shader Sub Graph.shadersubgraph using Guid(9f84df2f6ed56844697d96b60b4d27bb) Importer(815301076,1909f56bfc062723c751e8b465ee728b)  -> (artifact id: 'e3baa0af1e6c9b609ed7b40c72b5cd07') in 0.011866 seconds 
  Import took 0.017221 seconds .

========================================================================
Received Import Request.
  Time since last request: 28.252885 seconds.
  path: Assets/Shaders/NewSurfaceShader.shader
  artifactKey: Guid(98b4d64db940abc448206dc2729e1a6f) Importer(815301076,1909f56bfc062723c751e8b465ee728b)
Start importing Assets/Shaders/NewSurfaceShader.shader using Guid(98b4d64db940abc448206dc2729e1a6f) Importer(815301076,1909f56bfc062723c751e8b465ee728b)  -> (artifact id: '0ea9e1ca31e1dae5f8a3dbe94d4a734a') in 0.008431 seconds 
  Import took 0.014038 seconds .

========================================================================
Received Import Request.
  Time since last request: 442.049484 seconds.
  path: Assets/Shaders/Dissolving.shadergraph
  artifactKey: Guid(a82aa44a6d132924393f5235faba950c) Importer(815301076,1909f56bfc062723c751e8b465ee728b)
Start importing Assets/Shaders/Dissolving.shadergraph using Guid(a82aa44a6d132924393f5235faba950c) Importer(815301076,1909f56bfc062723c751e8b465ee728b)  -> (artifact id: '02a4991979fd250a042dd4dc61c7bcb4') in 0.008705 seconds 
  Import took 0.014992 seconds .

========================================================================
Received Prepare
Registering precompiled user dll's ...
Registered in 0.003867 seconds.
Begin MonoManager ReloadAssembly
Native extension for WindowsStandalone target not found
Refreshing native plugins compatible for Editor in 0.53 ms, found 2 plugins.
Preloading 0 native plugins for Editor in 0.00 ms.
Mono: successfully reloaded assembly
- Completed reload, in  0.908 seconds
Domain Reload Profiling:
	ReloadAssembly (909ms)
		BeginReloadAssembly (105ms)
			ExecutionOrderSort (0ms)
			DisableScriptedObjects (5ms)
			BackupInstance (0ms)
			ReleaseScriptingObjects (0ms)
			CreateAndSetChildDomain (32ms)
		EndReloadAssembly (757ms)
			LoadAssemblies (70ms)
			RebuildTransferFunctionScriptingTraits (0ms)
			SetupTypeCache (258ms)
			ReleaseScriptCaches (1ms)
			RebuildScriptCaches (34ms)
			SetupLoadedEditorAssemblies (247ms)
				LogAssemblyErrors (0ms)
				InitializePlatformSupportModulesInManaged (3ms)
				SetLoadedEditorAssemblies (0ms)
				RefreshPlugins (1ms)
				BeforeProcessingInitializeOnLoad (81ms)
				ProcessInitializeOnLoadAttributes (151ms)
				ProcessInitializeOnLoadMethodAttributes (7ms)
				AfterProcessingInitializeOnLoad (3ms)
				EditorAssembliesLoaded (0ms)
			ExecutionOrderSort2 (0ms)
			AwakeInstancesAfterBackupRestoration (40ms)
Platform modules already initialized, skipping
Refreshing native plugins compatible for Editor in 0.52 ms, found 2 plugins.
Preloading 0 native plugins for Editor in 0.00 ms.
Unloading 3033 Unused Serialized files (Serialized files now loaded: 0)
System memory in use before: 141.8 MB.
System memory in use after: 141.9 MB.

Unloading 16 unused Assets to reduce memory usage. Loaded Objects now: 3702.
Total: 3.127437 ms (FindLiveObjects: 0.283848 ms CreateObjectMapping: 0.155082 ms MarkObjects: 2.620036 ms  DeleteObjects: 0.067449 ms)

AssetImportParameters requested are different than current active one (requested -> active):
  custom:framework-win-MediaFoundation: 216162199b28c13a410421893ffa2e32 -> 
  custom:video-decoder-ogg-theora: a1e56fd34408186e4bbccfd4996cb3dc -> 
  custom:container-muxer-webm: aa71ff27fc2769a1b78a27578f13a17b -> 
  custom:container-demuxer-webm: 4f35f7cbe854078d1ac9338744f61a02 -> 
  custom:container-demuxer-ogg: 62fdf1f143b41e24485cea50d1cbac27 -> 
  custom:video-encoder-webm-vp8: eb34c28f22e8b96e1ab97ce403110664 -> 
  custom:video-decoder-webm-vp8: 9c59270c3fd7afecdb556c50c9e8de78 -> 
  custom:audio-decoder-ogg-vorbis: bf7c407c2cedff20999df2af8eb42d56 -> 
  custom:audio-encoder-webm-vorbis: bf7c407c2cedff20999df2af8eb42d56 -> 
========================================================================
Received Import Request.
  Time since last request: 160.900329 seconds.
  path: Assets/Shaders/Dissolving Sphere.mat
  artifactKey: Guid(424c2b0cbad000944a4c9745abf0f94d) Importer(815301076,1909f56bfc062723c751e8b465ee728b)
Start importing Assets/Shaders/Dissolving Sphere.mat using Guid(424c2b0cbad000944a4c9745abf0f94d) Importer(815301076,1909f56bfc062723c751e8b465ee728b)  -> (artifact id: '70419aaff43d909f3590a6ab9d0ee985') in 0.122908 seconds 
  Import took 0.127799 seconds .

AssetImportWorkerClient::OnTransportError - code=2 error=End of file
