Using pre-set license
Built from '2020.3/staging' branch; Version is '2020.3.21f1 (a38c86f6690f) revision 10718342'; Using compiler version '192528614'; Build Type 'Release'
OS: 'Windows 10 Pro; OS build 16299.1087; Version 1709; 64bit' Language: 'ru' Physical Memory: 16308 MB
BatchMode: 1, IsHumanControllingUs: 0, StartBugReporterOnCrash: 0, Is64bit: 1, IsPro: 0

COMMAND LINE ARGUMENTS:
C:\Program Files\Unity 2020.3.21f1\Editor\Unity.exe
-adb2
-batchMode
-noUpm
-name
AssetImportWorker0
-projectPath
C:/Users/illad/Unity/Unity-NTI/Task 1.10
-logFile
Logs/AssetImportWorker0.log
-srvPort
49215
Successfully changed project path to: C:/Users/illad/Unity/Unity-NTI/Task 1.10
C:/Users/illad/Unity/Unity-NTI/Task 1.10
Using Asset Import Pipeline V2.
Refreshing native plugins compatible for Editor in 27.82 ms, found 2 plugins.
Preloading 0 native plugins for Editor in 0.00 ms.
Initialize engine version: 2020.3.21f1 (a38c86f6690f)
[Subsystems] Discovering subsystems at path C:/Program Files/Unity 2020.3.21f1/Editor/Data/Resources/UnitySubsystems
[Subsystems] Discovering subsystems at path C:/Users/illad/Unity/Unity-NTI/Task 1.10/Assets
GfxDevice: creating device client; threaded=0
Direct3D:
    Version:  Direct3D 11.0 [level 11.1]
    Renderer: NVIDIA GeForce GTX 1080 (ID=0x1b80)
    Vendor:   
    VRAM:     8079 MB
    Driver:   30.0.14.7212
Initialize mono
Mono path[0] = 'C:/Program Files/Unity 2020.3.21f1/Editor/Data/Managed'
Mono path[1] = 'C:/Program Files/Unity 2020.3.21f1/Editor/Data/MonoBleedingEdge/lib/mono/unityjit'
Mono config path = 'C:/Program Files/Unity 2020.3.21f1/Editor/Data/MonoBleedingEdge/etc'
Using monoOptions --debugger-agent=transport=dt_socket,embedding=1,server=y,suspend=n,address=127.0.0.1:56644
Begin MonoManager ReloadAssembly
Registering precompiled unity dll's ...
Register platform support module: C:/Program Files/Unity 2020.3.21f1/Editor/Data/PlaybackEngines/WindowsStandaloneSupport/UnityEditor.WindowsStandalone.Extensions.dll
Registered in 0.001024 seconds.
Native extension for WindowsStandalone target not found
Refreshing native plugins compatible for Editor in 28.05 ms, found 2 plugins.
Preloading 0 native plugins for Editor in 0.00 ms.
Mono: successfully reloaded assembly
- Completed reload, in  0.761 seconds
Domain Reload Profiling:
	ReloadAssembly (762ms)
		BeginReloadAssembly (39ms)
			ExecutionOrderSort (0ms)
			DisableScriptedObjects (0ms)
			BackupInstance (0ms)
			ReleaseScriptingObjects (0ms)
			CreateAndSetChildDomain (1ms)
		EndReloadAssembly (351ms)
			LoadAssemblies (37ms)
			RebuildTransferFunctionScriptingTraits (0ms)
			SetupTypeCache (125ms)
			ReleaseScriptCaches (0ms)
			RebuildScriptCaches (23ms)
			SetupLoadedEditorAssemblies (128ms)
				LogAssemblyErrors (0ms)
				InitializePlatformSupportModulesInManaged (3ms)
				SetLoadedEditorAssemblies (0ms)
				RefreshPlugins (28ms)
				BeforeProcessingInitializeOnLoad (10ms)
				ProcessInitializeOnLoadAttributes (64ms)
				ProcessInitializeOnLoadMethodAttributes (22ms)
				AfterProcessingInitializeOnLoad (0ms)
				EditorAssembliesLoaded (0ms)
			ExecutionOrderSort2 (0ms)
			AwakeInstancesAfterBackupRestoration (0ms)
Platform modules already initialized, skipping
Registering precompiled user dll's ...
Registered in 0.001938 seconds.
Begin MonoManager ReloadAssembly
Native extension for WindowsStandalone target not found
Refreshing native plugins compatible for Editor in 0.31 ms, found 2 plugins.
Preloading 0 native plugins for Editor in 0.00 ms.
Mono: successfully reloaded assembly
- Completed reload, in  0.789 seconds
Domain Reload Profiling:
	ReloadAssembly (790ms)
		BeginReloadAssembly (115ms)
			ExecutionOrderSort (0ms)
			DisableScriptedObjects (4ms)
			BackupInstance (0ms)
			ReleaseScriptingObjects (0ms)
			CreateAndSetChildDomain (15ms)
		EndReloadAssembly (628ms)
			LoadAssemblies (64ms)
			RebuildTransferFunctionScriptingTraits (0ms)
			SetupTypeCache (217ms)
			ReleaseScriptCaches (0ms)
			RebuildScriptCaches (34ms)
			SetupLoadedEditorAssemblies (236ms)
				LogAssemblyErrors (0ms)
				InitializePlatformSupportModulesInManaged (4ms)
				SetLoadedEditorAssemblies (1ms)
				RefreshPlugins (0ms)
				BeforeProcessingInitializeOnLoad (70ms)
				ProcessInitializeOnLoadAttributes (150ms)
				ProcessInitializeOnLoadMethodAttributes (7ms)
				AfterProcessingInitializeOnLoad (3ms)
				EditorAssembliesLoaded (0ms)
			ExecutionOrderSort2 (0ms)
			AwakeInstancesAfterBackupRestoration (5ms)
Platform modules already initialized, skipping
========================================================================
Worker process is ready to serve import requests
Launched and connected shader compiler UnityShaderCompiler.exe after 0.05 seconds
Refreshing native plugins compatible for Editor in 0.50 ms, found 2 plugins.
Preloading 0 native plugins for Editor in 0.00 ms.
Unloading 1622 Unused Serialized files (Serialized files now loaded: 0)
System memory in use before: 78.2 MB.
System memory in use after: 78.3 MB.

Unloading 16 unused Assets to reduce memory usage. Loaded Objects now: 2059.
Total: 2.514779 ms (FindLiveObjects: 0.148950 ms CreateObjectMapping: 0.051098 ms MarkObjects: 2.247282 ms  DeleteObjects: 0.066172 ms)

AssetImportParameters requested are different than current active one (requested -> active):
  custom:framework-win-MediaFoundation: 216162199b28c13a410421893ffa2e32 -> 
  custom:video-decoder-ogg-theora: a1e56fd34408186e4bbccfd4996cb3dc -> 
  custom:container-muxer-webm: aa71ff27fc2769a1b78a27578f13a17b -> 
  custom:container-demuxer-webm: 4f35f7cbe854078d1ac9338744f61a02 -> 
  custom:container-demuxer-ogg: 62fdf1f143b41e24485cea50d1cbac27 -> 
  custom:video-encoder-webm-vp8: eb34c28f22e8b96e1ab97ce403110664 -> 
  custom:video-decoder-webm-vp8: 9c59270c3fd7afecdb556c50c9e8de78 -> 
  custom:audio-decoder-ogg-vorbis: bf7c407c2cedff20999df2af8eb42d56 -> 
  custom:audio-encoder-webm-vorbis: bf7c407c2cedff20999df2af8eb42d56 -> 
========================================================================
Received Import Request.
  path: Assets/_Project Files/UI sprites/ui_spritesheet.png
  artifactKey: Guid(6db44af9d4ed6704594747d53856c294) Importer(815301076,1909f56bfc062723c751e8b465ee728b)
Start importing Assets/_Project Files/UI sprites/ui_spritesheet.png using Guid(6db44af9d4ed6704594747d53856c294) Importer(815301076,1909f56bfc062723c751e8b465ee728b)  -> (artifact id: '38b7ab8a0c3606b1c043a93059831636') in 0.082760 seconds 
  Import took 0.085625 seconds .

========================================================================
Received Import Request.
  Time since last request: 0.000197 seconds.
  path: Assets/_Project Files/UI sprites/ui_layout.png
  artifactKey: Guid(a3b6706f0f11c3e4eb2472d0299b89a0) Importer(815301076,1909f56bfc062723c751e8b465ee728b)
Start importing Assets/_Project Files/UI sprites/ui_layout.png using Guid(a3b6706f0f11c3e4eb2472d0299b89a0) Importer(815301076,1909f56bfc062723c751e8b465ee728b)  -> (artifact id: 'cfc42a7593d86e6496dac946324f288c') in 0.020908 seconds 
  Import took 0.024044 seconds .

========================================================================
Received Import Request.
  Time since last request: 0.000171 seconds.
  path: Assets/_Project Files/UI sprites/Cover-Image.png
  artifactKey: Guid(90773441adcf6c947ac4b17a62eb3884) Importer(815301076,1909f56bfc062723c751e8b465ee728b)
Start importing Assets/_Project Files/UI sprites/Cover-Image.png using Guid(90773441adcf6c947ac4b17a62eb3884) Importer(815301076,1909f56bfc062723c751e8b465ee728b)  -> (artifact id: 'b5685b09a873a81b9036e3e6c98d1126') in 0.019581 seconds 
  Import took 0.022206 seconds .

========================================================================
Received Import Request.
  Time since last request: 39.623987 seconds.
  path: Assets/_Project Files/UI sprites/Cover-Image.png
  artifactKey: Guid(90773441adcf6c947ac4b17a62eb3884) Importer(815301076,1909f56bfc062723c751e8b465ee728b)
Start importing Assets/_Project Files/UI sprites/Cover-Image.png using Guid(90773441adcf6c947ac4b17a62eb3884) Importer(815301076,1909f56bfc062723c751e8b465ee728b)  -> (artifact id: 'be5e4d2f271d53fc53b1956dd68d62b1') in 0.038236 seconds 
  Import took 0.041561 seconds .

========================================================================
Received Prepare
Registering precompiled user dll's ...
Registered in 0.001898 seconds.
Begin MonoManager ReloadAssembly
Native extension for WindowsStandalone target not found
Refreshing native plugins compatible for Editor in 0.32 ms, found 2 plugins.
Preloading 0 native plugins for Editor in 0.00 ms.
Mono: successfully reloaded assembly
- Completed reload, in  0.739 seconds
Domain Reload Profiling:
	ReloadAssembly (739ms)
		BeginReloadAssembly (83ms)
			ExecutionOrderSort (0ms)
			DisableScriptedObjects (3ms)
			BackupInstance (0ms)
			ReleaseScriptingObjects (0ms)
			CreateAndSetChildDomain (24ms)
		EndReloadAssembly (609ms)
			LoadAssemblies (66ms)
			RebuildTransferFunctionScriptingTraits (0ms)
			SetupTypeCache (222ms)
			ReleaseScriptCaches (1ms)
			RebuildScriptCaches (30ms)
			SetupLoadedEditorAssemblies (215ms)
				LogAssemblyErrors (0ms)
				InitializePlatformSupportModulesInManaged (4ms)
				SetLoadedEditorAssemblies (0ms)
				RefreshPlugins (0ms)
				BeforeProcessingInitializeOnLoad (64ms)
				ProcessInitializeOnLoadAttributes (137ms)
				ProcessInitializeOnLoadMethodAttributes (6ms)
				AfterProcessingInitializeOnLoad (3ms)
				EditorAssembliesLoaded (0ms)
			ExecutionOrderSort2 (0ms)
			AwakeInstancesAfterBackupRestoration (5ms)
Platform modules already initialized, skipping
Refreshing native plugins compatible for Editor in 0.32 ms, found 2 plugins.
Preloading 0 native plugins for Editor in 0.00 ms.
Unloading 1621 Unused Serialized files (Serialized files now loaded: 0)
System memory in use before: 76.2 MB.
System memory in use after: 76.3 MB.

Unloading 11 unused Assets to reduce memory usage. Loaded Objects now: 2099.
Total: 2.181621 ms (FindLiveObjects: 0.147673 ms CreateObjectMapping: 0.052375 ms MarkObjects: 1.969054 ms  DeleteObjects: 0.011752 ms)

AssetImportParameters requested are different than current active one (requested -> active):
  custom:framework-win-MediaFoundation: 216162199b28c13a410421893ffa2e32 -> 
  custom:video-decoder-ogg-theora: a1e56fd34408186e4bbccfd4996cb3dc -> 
  custom:container-muxer-webm: aa71ff27fc2769a1b78a27578f13a17b -> 
  custom:container-demuxer-webm: 4f35f7cbe854078d1ac9338744f61a02 -> 
  custom:container-demuxer-ogg: 62fdf1f143b41e24485cea50d1cbac27 -> 
  custom:video-encoder-webm-vp8: eb34c28f22e8b96e1ab97ce403110664 -> 
  custom:video-decoder-webm-vp8: 9c59270c3fd7afecdb556c50c9e8de78 -> 
  custom:audio-decoder-ogg-vorbis: bf7c407c2cedff20999df2af8eb42d56 -> 
  custom:audio-encoder-webm-vorbis: bf7c407c2cedff20999df2af8eb42d56 -> 
========================================================================
Received Import Request.
  Time since last request: 148.546303 seconds.
  path: Assets/_Project Files/UI sprites/Cover-Image.png
  artifactKey: Guid(90773441adcf6c947ac4b17a62eb3884) Importer(815301076,1909f56bfc062723c751e8b465ee728b)
Start importing Assets/_Project Files/UI sprites/Cover-Image.png using Guid(90773441adcf6c947ac4b17a62eb3884) Importer(815301076,1909f56bfc062723c751e8b465ee728b)  -> (artifact id: 'd596246ead326c6285ec189dc1ced07a') in 0.068514 seconds 
  Import took 0.071941 seconds .

========================================================================
Received Import Request.
  Time since last request: 34.856761 seconds.
  path: Assets/_Project Files/UI sprites/Cover-Image.png
  artifactKey: Guid(90773441adcf6c947ac4b17a62eb3884) Importer(815301076,1909f56bfc062723c751e8b465ee728b)
Start importing Assets/_Project Files/UI sprites/Cover-Image.png using Guid(90773441adcf6c947ac4b17a62eb3884) Importer(815301076,1909f56bfc062723c751e8b465ee728b)  -> (artifact id: 'c18519345d8e3811a1ecd3dc04bd9cba') in 0.022415 seconds 
  Import took 0.026079 seconds .

========================================================================
Received Import Request.
  Time since last request: 1105.956567 seconds.
  path: Assets/_Project Files/UI sprites/ui_spritesheet.png
  artifactKey: Guid(6db44af9d4ed6704594747d53856c294) Importer(815301076,1909f56bfc062723c751e8b465ee728b)
Start importing Assets/_Project Files/UI sprites/ui_spritesheet.png using Guid(6db44af9d4ed6704594747d53856c294) Importer(815301076,1909f56bfc062723c751e8b465ee728b)  -> (artifact id: '779893d4b6d688bd70ceba7a82007dd5') in 0.028855 seconds 
  Import took 0.033044 seconds .

AssetImportWorkerClient::OnTransportError - code=2 error=End of file
